2024-08-04T07:47:36.629Z - Detal Pembelian Berhasil diambil
2024-08-04T07:47:46.774Z - Detal Pembelian Berhasil diambil
2024-08-04T07:47:48.032Z - Detal Pembelian Berhasil diambil
2024-08-04T07:49:12.202Z - Detal Pembelian Berhasil diambil
2024-08-04T07:49:21.642Z - Detal Pembelian Berhasil diambil
2024-08-04T07:50:37.655Z - Detal Pembelian Berhasil diambil
2024-08-04T08:01:04.229Z - Detal Pembelian Berhasil diambil
2024-08-04T08:01:17.167Z - Detal Pembelian Berhasil diambil
2024-08-04T08:01:28.115Z - User dengan Id : 
2024-08-04T08:01:29.265Z - User dengan Id : 
2024-08-04T08:02:07.743Z - User dengan Id : 
2024-08-04T08:02:10.173Z - User dengan Id : 
2024-08-04T08:02:56.748Z - User dengan Id : 1 mengakses API data produk
2024-08-04T08:03:04.983Z - User dengan Id : 1 mengakses API data produk
2024-08-04T08:03:05.919Z - User dengan Id : 1 mengakses API data produk
2024-08-04T08:03:07.344Z - User dengan Id : 1 mengakses API data produk
2024-08-04T08:06:08.517Z - User dengan Id : 1 mengakses API data produk
2024-08-04T08:06:49.340Z - User dengan Id : 1 mengakses API data produk
2024-08-04T08:06:51.128Z - User dengan Id : 1 mengakses API data produk
2024-08-04T08:06:52.816Z - User dengan Id : 1 mengakses API data produk
2024-08-04T08:07:02.492Z - User dengan Id : 1 mengakses API data produk
2024-08-04T08:07:12.185Z - User dengan Id : 1 mengakses API data produk
2024-08-04T08:07:13.259Z - User dengan Id : 1 mengakses API data produk
2024-08-04T08:07:14.991Z - Data detail produk berhasil diambil : [object Object]
2024-08-04T08:07:16.300Z - Data detail produk berhasil diambil : [object Object]
2024-08-04T08:07:17.788Z - Data detail produk berhasil diambil : [object Object]
2024-08-04T08:07:19.023Z - Data detail produk berhasil diambil : [object Object]
2024-08-04T08:08:26.768Z - Data detail produk berhasil diambil : Indomie Soto Mie
2024-08-04T08:08:35.551Z - Data detail produk berhasil diambil : Indomie Soto Mie
2024-08-04T08:08:36.500Z - Data detail produk berhasil diambil : Indomie Soto Mie
2024-08-04T08:09:09.323Z - Data detail produk berhasil diambil : Indomie Soto Mie
2024-08-04T08:09:19.702Z - User dengan Id : 1 mengakses API data produk
2024-08-04T08:09:20.737Z - User dengan Id : 1 mengakses API data produk
2024-08-04T08:09:23.018Z - User dengan Id : 1 mengakses API data produk
2024-08-04T08:09:24.060Z - User dengan Id : 1 mengakses API data produk
2024-08-04T08:41:44.415Z - User dengan Id : 1 mengakses API data produk
2024-08-04T09:18:38.337Z - User dengan Id : 1 mengakses API data produk
2024-08-04T12:46:31.313Z - User dengan Id : 1 mengakses API data produk
2024-08-04T12:46:32.357Z - User dengan Id : 1 mengakses API data produk
2024-08-04T12:49:34.889Z - Produk berhasil ditambahkan : [object Object]
2024-08-04T12:49:42.036Z - User dengan Id : 1 mengakses API data produk
2024-08-04T12:49:42.825Z - User dengan Id : 1 mengakses API data produk
2024-08-04T12:50:03.865Z - User dengan Id : 1 mengakses API data produk
2024-08-04T13:19:53.245Z - User dengan Id : 1 mengakses API data produk
2024-08-04T13:19:54.365Z - User dengan Id : 1 mengakses API data produk
2024-08-04T13:20:14.229Z - User dengan Id : 1 mengakses API data produk
2024-08-04T13:21:42.769Z - User dengan Id : 1 mengakses API data produk
2024-08-04T13:21:43.886Z - User dengan Id : 1 mengakses API data produk
2024-08-04T13:22:06.018Z - User dengan Id : 1 mengakses API data produk
2024-08-04T13:24:01.332Z - User dengan Id : 1 mengakses API data produk
2024-08-04T13:24:02.727Z - User dengan Id : 1 mengakses API data produk
2024-08-04T13:24:29.971Z - User dengan Id : 1 mengakses API data produk
2024-08-04T13:29:56.199Z - Detal Pembelian Berhasil diambil
2024-08-04T13:29:57.056Z - Detal Pembelian Berhasil diambil
2024-08-04T13:30:33.784Z - Detal Pembelian Berhasil diambil
2024-08-04T13:32:51.735Z - User dengan Id : 1 mengakses API data produk
2024-08-04T13:32:53.487Z - User dengan Id : 1 mengakses API data produk
2024-08-04T13:32:57.203Z - User dengan Id : 1 mengakses API data produk
2024-08-04T13:48:51.561Z - User dengan Id : 1 mengakses API data produk
2024-08-04T13:48:53.257Z - User dengan Id : 1 mengakses API data produk
2024-08-04T13:49:23.899Z - User dengan Id : 1 mengakses API data produk
2024-08-05T11:53:57.572Z - User dengan Id : 4 mengakses API data produk
2024-08-05T11:53:58.446Z - User dengan Id : 4 mengakses API data produk
2024-08-05T11:53:59.034Z - User dengan Id : 4 mengakses API data produk
2024-08-05T11:54:13.873Z - Detal Pembelian Berhasil diambil
2024-08-05T11:54:14.325Z - Detal Pembelian Berhasil diambil
2024-08-05T12:57:13.787Z - Produk berhasil ditambahkan : Roti Tawar Cokelat Sari Roti
2024-08-05T13:00:45.691Z - User dengan Id : 1 mengakses API data produk
2024-08-05T13:00:46.134Z - User dengan Id : 1 mengakses API data produk
2024-08-05T13:01:00.555Z - User dengan Id : 1 mengakses API data produk
2024-08-05T13:02:52.453Z - User dengan Id : 1 mengakses API data produk
2024-08-05T13:02:53.128Z - User dengan Id : 1 mengakses API data produk
2024-08-05T13:02:53.508Z - User dengan Id : 1 mengakses API data produk
2024-08-05T13:03:30.773Z - User dengan Id : 1 mengakses API data produk
2024-08-05T13:03:54.908Z - User dengan Id : 1 mengakses API data produk
2024-08-05T13:03:55.329Z - User dengan Id : 1 mengakses API data produk
2024-08-05T13:04:13.045Z - User dengan Id : 1 mengakses API data produk
2024-08-05T13:04:39.484Z - User dengan Id : 1 mengakses API data produk
2024-08-05T13:04:47.116Z - Data detail produk berhasil diambil : Roti Tawar Cokelat Sari Roti
2024-08-05T13:04:47.608Z - Data detail produk berhasil diambil : Roti Tawar Cokelat Sari Roti
2024-08-05T13:05:56.313Z - Data detail produk berhasil diambil : Roti Tawar Cokelat Sari Roti
2024-08-05T13:05:56.769Z - Data detail produk berhasil diambil : Roti Tawar Cokelat Sari Roti
2024-08-05T13:06:05.008Z - Data detail produk berhasil diambil : Roti Tawar Cokelat Sari Roti
2024-08-05T13:06:49.375Z - Data detail produk berhasil diambil : Roti Tawar Cokelat Sari Roti
2024-08-05T13:07:05.138Z - Data detail produk berhasil diambil : Roti Tawar Cokelat Sari Roti
2024-08-05T13:07:05.574Z - Data detail produk berhasil diambil : Roti Tawar Cokelat Sari Roti
2024-08-05T13:07:22.000Z - User dengan Id : 1 mengakses API data produk
2024-08-05T13:07:22.798Z - User dengan Id : 1 mengakses API data produk
2024-08-05T13:08:53.884Z - User dengan Id : 1 mengakses API data produk
2024-08-05T13:08:54.075Z - Error mengambil data produk
2024-08-05T13:08:58.224Z - User dengan Id : 1 mengakses API data produk
2024-08-05T13:08:58.392Z - Error mengambil data produk
2024-08-05T13:10:53.750Z - User dengan Id : 1 mengakses API data produk
2024-08-05T13:10:53.922Z - Error mengambil data produk
2024-08-05T13:11:35.235Z - User dengan Id : 1 mengakses API data produk
2024-08-05T13:13:48.867Z - User dengan Id : 1 mengakses API data produk
2024-08-05T13:13:49.547Z - User dengan Id : 1 mengakses API data produk
2024-08-05T13:13:50.441Z - User dengan Id : 1 mengakses API data produk
2024-08-05T13:14:04.849Z - User dengan Id : 1 mengakses API data produk
2024-08-05T13:15:04.145Z - User dengan Id : 1 mengakses API data produk
2024-08-05T13:15:33.503Z - User dengan Id : 1 mengakses API data produk
2024-08-05T13:15:38.134Z - User dengan Id : 1 mengakses API data produk
2024-08-05T13:16:26.519Z - User dengan Id : 1 mengakses API data produk
2024-08-05T13:16:31.874Z - User dengan Id : 1 mengakses API data produk
2024-08-05T13:17:12.220Z - Data detail produk berhasil diambil : Roti Tawar Cokelat Sari Roti
2024-08-05T13:17:12.662Z - Data detail produk berhasil diambil : Roti Tawar Cokelat Sari Roti
2024-08-05T13:17:44.210Z - Data detail produk berhasil diambil : Roti Tawar Cokelat Sari Roti
2024-08-05T13:17:46.482Z - Data detail produk berhasil diambil : Roti Tawar Cokelat Sari Roti
2024-08-05T13:19:04.638Z - Data detail produk berhasil diambil : Roti Tawar Cokelat Sari Roti
2024-08-05T13:19:08.102Z - User dengan Id : 1 mengakses API data produk
2024-08-05T13:19:08.611Z - User dengan Id : 1 mengakses API data produk
2024-08-05T13:19:09.038Z - User dengan Id : 1 mengakses API data produk
2024-08-05T13:19:16.741Z - User dengan Id : 1 mengakses API data produk
2024-08-05T13:19:17.412Z - Error mengambil data detail produk
2024-08-05T13:19:17.874Z - Error mengambil data detail produk
2024-08-05T13:19:44.572Z - Data detail produk berhasil diambil : Indomie Soto Mie
2024-08-05T13:19:50.678Z - Data detail produk berhasil diambil : Indomie Soto Mie
2024-08-05T13:21:07.390Z - User dengan Id : 1 mengakses API data produk
2024-08-05T13:21:07.979Z - User dengan Id : 1 mengakses API data produk
2024-08-05T13:21:08.459Z - User dengan Id : 1 mengakses API data produk
2024-08-05T13:21:25.424Z - User dengan Id : 1 mengakses API data produk
2024-08-05T13:21:33.066Z - Data detail produk berhasil diambil : Indomie Soto Mie
2024-08-05T13:21:33.520Z - Data detail produk berhasil diambil : Indomie Soto Mie
2024-08-05T13:21:42.640Z - Data detail produk berhasil diambil : Indomie Soto Mie
2024-08-05T13:21:46.043Z - Data detail produk berhasil diambil : Indomie Soto Mie
2024-08-05T13:23:10.643Z - Data detail produk berhasil diambil : Indomie Soto Mie
2024-08-05T13:23:33.191Z - Data detail produk berhasil diambil : Indomie Soto Mie
2024-08-05T13:23:54.553Z - Data detail produk berhasil diambil : Indomie Soto Mie
2024-08-05T13:24:07.238Z - Data detail produk berhasil diambil : Indomie Soto Mie
2024-08-05T13:24:58.069Z - Data detail produk berhasil diambil : Indomie Soto Mie
2024-08-05T13:25:14.671Z - Data detail produk berhasil diambil : Indomie Soto Mie
2024-08-05T13:26:02.811Z - Data detail produk berhasil diambil : Indomie Soto Mie
2024-08-05T13:26:06.529Z - Data detail produk berhasil diambil : Indomie Soto Mie
2024-08-05T13:26:19.821Z - Data detail produk berhasil diambil : Indomie Soto Mie
2024-08-05T13:26:35.658Z - Data detail produk berhasil diambil : Indomie Soto Mie
2024-08-05T13:26:53.140Z - Data detail produk berhasil diambil : Indomie Soto Mie
2024-08-05T13:27:32.982Z - Data detail produk berhasil diambil : Indomie Soto Mie
2024-08-05T13:27:55.584Z - Data detail produk berhasil diambil : Indomie Soto Mie
2024-08-05T13:28:15.694Z - Data detail produk berhasil diambil : Indomie Soto Mie
2024-08-05T13:28:37.579Z - Data detail produk berhasil diambil : Indomie Soto Mie
2024-08-05T13:28:38.042Z - Data detail produk berhasil diambil : Indomie Soto Mie
2024-08-05T13:28:38.498Z - Data detail produk berhasil diambil : Indomie Soto Mie
2024-08-05T13:28:56.775Z - User dengan Id : 1 mengakses API data produk
2024-08-05T13:28:57.321Z - User dengan Id : 1 mengakses API data produk
2024-08-05T13:28:57.745Z - User dengan Id : 1 mengakses API data produk
2024-08-05T13:42:56.704Z - User dengan Id : 1 mengakses API data produk
2024-08-07T14:22:13.822Z - User dengan Id : 1 mengakses API data produk
2024-08-07T14:22:16.875Z - User dengan Id : 1 mengakses API data produk
2024-08-07T14:22:31.132Z - User dengan Id : 1 mengakses API data produk
2024-08-07T14:34:04.715Z - User dengan Id : 1 mengakses API data produk
2024-08-07T14:34:24.339Z - User dengan Id : 1 mengakses API data produk
2024-08-07T14:38:29.334Z - User dengan Id : 1 mengakses API data produk
2024-08-07T14:38:34.651Z - User dengan Id : 1 mengakses API data produk
2024-08-07T14:38:35.225Z - User dengan Id : 1 mengakses API data produk
2024-08-07T14:38:35.672Z - User dengan Id : 1 mengakses API data produk
2024-08-07T14:38:56.547Z - User dengan Id : 1 mengakses API data produk
2024-08-07T14:39:03.203Z - User dengan Id : 1 mengakses API data produk
2024-08-07T14:39:33.272Z - User dengan Id : 1 mengakses API data produk
2024-08-07T14:40:07.819Z - User dengan Id : 1 mengakses API data produk
2024-08-07T14:40:25.716Z - User dengan Id : 1 mengakses API data produk
2024-08-07T14:40:30.873Z - User dengan Id : 1 mengakses API data produk
2024-08-07T14:41:01.077Z - User dengan Id : 1 mengakses API data produk
2024-08-07T14:41:08.483Z - User dengan Id : 1 mengakses API data produk
2024-08-07T14:41:43.127Z - User dengan Id : 1 mengakses API data produk
2024-08-07T14:42:16.185Z - User dengan Id : 1 mengakses API data produk
2024-08-07T14:42:18.502Z - User dengan Id : 1 mengakses API data produk
2024-08-07T14:42:19.169Z - User dengan Id : 1 mengakses API data produk
2024-08-07T14:45:35.284Z - User dengan Id : 1 mengakses API data produk
2024-08-07T14:45:51.064Z - User dengan Id : 1 mengakses API data produk
2024-08-07T14:45:56.017Z - User dengan Id : 1 mengakses API data produk
2024-08-07T14:46:01.782Z - User dengan Id : 1 mengakses API data produk
2024-08-07T14:46:02.371Z - User dengan Id : 1 mengakses API data produk
2024-08-07T14:54:29.801Z - User dengan Id : 1 mengakses API data produk
2024-08-07T14:55:50.840Z - User dengan Id : 1 mengakses API data produk
2024-08-07T14:55:51.405Z - User dengan Id : 1 mengakses API data produk
2024-08-07T14:56:15.443Z - User dengan Id : 1 mengakses API data produk
2024-08-08T00:16:49.344Z - User dengan Id : 1 mengakses API data produk
2024-08-08T00:16:50.137Z - User dengan Id : 1 mengakses API data produk
2024-08-08T00:17:23.123Z - User dengan Id : 1 mengakses API data produk
2024-08-08T00:18:41.139Z - Detal transaksi Berhasil diambil
2024-08-08T00:18:41.963Z - Detal transaksi Berhasil diambil
2024-08-08T00:22:20.599Z - Detal transaksi Berhasil diambil
2024-08-08T00:22:44.865Z - Detal transaksi Berhasil diambil
2024-08-08T00:24:52.853Z - User dengan Id : 1 mengakses API data produk
2024-08-08T00:24:54.179Z - User dengan Id : 1 mengakses API data produk
2024-08-08T00:25:10.407Z - User dengan Id : 1 mengakses API data produk
2024-08-08T00:25:19.871Z - Detal transaksi Berhasil diambil
2024-08-08T00:25:20.606Z - Detal transaksi Berhasil diambil
2024-08-08T00:26:18.359Z - User dengan Id : 1 mengakses API data produk
2024-08-08T00:26:22.765Z - User dengan Id : 1 mengakses API data produk
2024-08-08T00:26:23.943Z - User dengan Id : 1 mengakses API data produk
2024-08-08T00:26:38.223Z - User dengan Id : 1 mengakses API data produk
2024-08-08T00:26:39.067Z - User dengan Id : 1 mengakses API data produk
2024-08-08T00:26:40.301Z - User dengan Id : 1 mengakses API data produk
2024-08-08T00:27:54.695Z - User dengan Id : 1 mengakses API data produk
2024-08-08T00:27:56.454Z - User dengan Id : 1 mengakses API data produk
2024-08-08T00:28:17.987Z - User dengan Id : 1 mengakses API data produk
2024-08-08T00:28:19.230Z - User dengan Id : 1 mengakses API data produk
2024-08-08T00:28:20.199Z - User dengan Id : 1 mengakses API data produk
2024-08-08T00:28:21.162Z - User dengan Id : 1 mengakses API data produk
2024-08-08T00:28:40.730Z - User dengan Id : 1 mengakses API data produk
2024-08-08T00:28:50.262Z - User dengan Id : 1 mengakses API data produk
2024-08-08T00:29:18.317Z - User dengan Id : 1 mengakses API data produk
2024-08-08T00:29:32.185Z - User dengan Id : 1 mengakses API data produk
2024-08-08T00:29:33.066Z - User dengan Id : 1 mengakses API data produk
2024-08-08T00:29:44.788Z - User dengan Id : 1 mengakses API data produk
2024-08-08T00:30:43.408Z - User dengan Id : 1 mengakses API data produk
2024-08-08T00:31:06.786Z - User dengan Id : 1 mengakses API data produk
2024-08-08T00:31:41.369Z - User dengan Id : 1 mengakses API data produk
2024-08-08T00:31:50.691Z - User dengan Id : 1 mengakses API data produk
2024-08-08T00:32:03.856Z - User dengan Id : 1 mengakses API data produk
2024-08-08T00:32:25.095Z - User dengan Id : 1 mengakses API data produk
2024-08-08T00:33:25.611Z - User dengan Id : 1 mengakses API data produk
2024-08-08T00:33:36.283Z - User dengan Id : 1 mengakses API data produk
2024-08-08T00:33:37.636Z - User dengan Id : 1 mengakses API data produk
2024-08-08T00:33:38.533Z - User dengan Id : 1 mengakses API data produk
2024-08-08T00:33:39.605Z - User dengan Id : 1 mengakses API data produk
2024-08-08T00:33:46.958Z - User dengan Id : 1 mengakses API data produk
2024-08-08T00:34:04.345Z - User dengan Id : 1 mengakses API data produk
2024-08-08T00:34:36.751Z - User dengan Id : 1 mengakses API data produk
2024-08-08T00:34:39.202Z - User dengan Id : 1 mengakses API data produk
2024-08-08T00:36:03.152Z - User dengan Id : 1 mengakses API data produk
2024-08-08T00:36:04.141Z - User dengan Id : 1 mengakses API data produk
2024-08-08T00:36:05.754Z - User dengan Id : 1 mengakses API data produk
2024-08-08T00:36:19.473Z - User dengan Id : 1 mengakses API data produk
2024-08-08T00:36:30.879Z - User dengan Id : 1 mengakses API data produk
2024-08-08T00:36:49.881Z - User dengan Id : 1 mengakses API data produk
2024-08-08T00:37:18.338Z - User dengan Id : 1 mengakses API data produk
2024-08-08T00:39:10.349Z - User dengan Id : 1 mengakses API data produk
2024-08-08T00:39:18.933Z - User dengan Id : 1 mengakses API data produk
2024-08-08T00:39:22.406Z - User dengan Id : 1 mengakses API data produk
2024-08-08T00:39:24.122Z - User dengan Id : 1 mengakses API data produk
2024-08-08T00:40:22.463Z - User dengan Id : 1 mengakses API data produk
2024-08-08T00:40:27.448Z - User dengan Id : 1 mengakses API data produk
2024-08-08T02:33:22.167Z - User dengan Id : 1 mengakses API data produk
